100 0.9252 0.9095
200 0.94798 0.9284
300 0.95824 0.9345
400 0.96762 0.943
500 0.97028 0.9456
600 0.9746 0.947
700 0.97054 0.9388
800 0.97834 0.9463
900 0.97566 0.9459
1000 0.98814 0.9546
1100 0.97574 0.9399
1200 0.97856 0.9435
1300 0.98498 0.9458
1400 0.9832 0.9438
1500 0.98856 0.9486
1600 0.98342 0.9417
1700 0.98896 0.9479
1800 0.9829 0.942
1900 0.98322 0.9399
2000 0.98872 0.9432
2100 0.9889 0.9394
2200 0.98658 0.937
2300 0.98672 0.9377
2400 0.9876 0.9377
2500 0.9911 0.942
2600 0.99072 0.9429
2700 0.99156 0.9395
2800 0.99088 0.9382
2900 0.99074 0.9394
3000 0.9904 0.9401
